 DIAGNOSTICS.OUT FILE
 fesc_drn_lum_288_1                      greening                                 not found (landuse-consprac)
 fesc_drn_lum_289_1                      greening                                 not found (landuse-consprac)
 fesc_drn_lum_290_1                      greening                                 not found (landuse-consprac)
 fesc_drn_lum_291_1                      greening                                 not found (landuse-consprac)
 fesc_drn_lum_292_1                      greening                                 not found (landuse-consprac)
 fesc_drn_lum_293_1                      greening                                 not found (landuse-consprac)
 fesc_drn_lum_299_1                      greening                                 not found (landuse-consprac)
 fesc_drn_lum_302_1                      greening                                 not found (landuse-consprac)
 fesc_lum_100_1                          greening                                 not found (landuse-consprac)
 fesc_lum_101_1                          greening                                 not found (landuse-consprac)
 fesc_lum_163_1                          greening                                 not found (landuse-consprac)
 fesc_lum_164_1                          greening                                 not found (landuse-consprac)
 fesc_lum_165_1                          greening                                 not found (landuse-consprac)
 fesc_lum_166_1                          greening                                 not found (landuse-consprac)
 fesc_lum_167_1                          greening                                 not found (landuse-consprac)
 fesc_lum_168_1                          greening                                 not found (landuse-consprac)
 fesc_lum_169_1                          greening                                 not found (landuse-consprac)
 fesc_lum_170_1                          greening                                 not found (landuse-consprac)
 fesc_lum_177_1                          greening                                 not found (landuse-consprac)
 fesc_lum_178_1                          greening                                 not found (landuse-consprac)
 fesc_lum_179_1                          greening                                 not found (landuse-consprac)
 fesc_lum_55_1                           greening                                 not found (landuse-consprac)
 fesc_lum_56_1                           greening                                 not found (landuse-consprac)
 fesc_lum_57_1                           greening                                 not found (landuse-consprac)
 fesc_lum_58_1                           greening                                 not found (landuse-consprac)
 fesc_lum_59_1                           greening                                 not found (landuse-consprac)
 fesc_lum_60_1                           greening                                 not found (landuse-consprac)
 fesc_lum_61_1                           greening                                 not found (landuse-consprac)
 fesc_lum_62_1                           greening                                 not found (landuse-consprac)
 fesc_lum_63_1                           greening                                 not found (landuse-consprac)
 fesc_lum_64_1                           greening                                 not found (landuse-consprac)
 fesc_lum_65_1                           greening                                 not found (landuse-consprac)
 fesc_lum_66_1                           greening                                 not found (landuse-consprac)
 fesc_lum_67_1                           greening                                 not found (landuse-consprac)
 fesc_lum_68_1                           greening                                 not found (landuse-consprac)
 fesc_lum_69_1                           greening                                 not found (landuse-consprac)
 fesc_lum_70_1                           greening                                 not found (landuse-consprac)
 fesc_lum_71_1                           greening                                 not found (landuse-consprac)
 fesc_lum_72_1                           greening                                 not found (landuse-consprac)
 fesc_lum_73_1                           greening                                 not found (landuse-consprac)
 fesc_lum_74_1                           greening                                 not found (landuse-consprac)
 fesc_lum_75_1                           greening                                 not found (landuse-consprac)
 fesc_lum_76_1                           greening                                 not found (landuse-consprac)
 fesc_lum_77_1                           greening                                 not found (landuse-consprac)
 fesc_lum_78_1                           greening                                 not found (landuse-consprac)
 fesc_lum_79_1                           greening                                 not found (landuse-consprac)
 fesc_lum_80_1                           greening                                 not found (landuse-consprac)
 fesc_lum_81_1                           greening                                 not found (landuse-consprac)
 fesc_lum_82_1                           greening                                 not found (landuse-consprac)
 fesc_lum_83_1                           greening                                 not found (landuse-consprac)
 fesc_lum_84_1                           greening                                 not found (landuse-consprac)
 fesc_lum_85_1                           greening                                 not found (landuse-consprac)
 fesc_lum_86_1                           greening                                 not found (landuse-consprac)
 fesc_lum_87_1                           greening                                 not found (landuse-consprac)
 fesc_lum_88_1                           greening                                 not found (landuse-consprac)
 fesc_lum_89_1                           greening                                 not found (landuse-consprac)
 fesc_lum_90_1                           greening                                 not found (landuse-consprac)
 fesc_lum_91_1                           greening                                 not found (landuse-consprac)
 fesc_lum_92_1                           greening                                 not found (landuse-consprac)
 fesc_lum_93_1                           greening                                 not found (landuse-consprac)
 fesc_lum_94_1                           greening                                 not found (landuse-consprac)
 fesc_lum_95_1                           greening                                 not found (landuse-consprac)
 fesc_lum_96_1                           greening                                 not found (landuse-consprac)
 fesc_lum_97_1                           greening                                 not found (landuse-consprac)
 fesc_lum_98_1                           greening                                 not found (landuse-consprac)
 fesc_lum_99_1                           greening                                 not found (landuse-consprac)
 frsd_lum                                greening                                 not found (landuse-consprac)
 frse_lum                                greening                                 not found (landuse-consprac)
 frst_drn_lum                            greening                                 not found (landuse-consprac)
 frst_lum                                greening                                 not found (landuse-consprac)
 orcd_lum_32_1                           greening                                 not found (landuse-consprac)
 orcd_lum_33_1                           greening                                 not found (landuse-consprac)
 file not found (basins_carbon.tes)
 null                      not found (res-release)
